<?xml version="1.0" encoding="UTF-8"?>
<!-- Generated by org.testng.reporters.JUnitReportReporter -->
<testsuite hostname="DESKTOP-RBTLOM2" failures="0" tests="7" name="TestCalculate" time="0.030" errors="0" timestamp="2021-10-17T19:34:08 IST" skipped="0">
  <testcase classname="TestCalculate" name="NewlineDelimiter" time="0.002"/>
  <system-out/>
  <testcase classname="TestCalculate" name="EmptyStringReturnZero" time="0.013"/>
  <system-out/>
  <testcase classname="TestCalculate" name="twoNumberCommaDelimiter" time="0.002"/>
  <system-out/>
  <testcase classname="TestCalculate" name="Greaterthan1000" time="0.002"/>
  <system-out/>
  <testcase classname="TestCalculate" name="SingleValue" time="0.004"/>
  <system-out/>
  <testcase classname="TestCalculate" name="negativeInputException" time="0.003"/>
  <system-out/>
  <testcase classname="TestCalculate" name="ThreeNum" time="0.004"/>
  <system-out/>
</testsuite> <!-- TestCalculate -->
